<?xml version="1.0" encoding="UTF-8"?>
<!-- Generated by org.testng.reporters.JUnitReportReporter -->
<testsuite hostname="Fatima" failures="1" tests="1" name="Runner_file.RunnerFile" time="6.266" errors="0" timestamp="2024-09-23T21:41:08 IST" skipped="0">
  <testcase classname="Runner_file.RunnerFile" name="scenario" time="6.266">
    <failure message="expected [true] but found [false]" type="java.lang.AssertionError">
      <![CDATA[java.lang.AssertionError: expected [true] but found [false]
at org.testng.Assert.fail(Assert.java:111)
at org.testng.Assert.failNotEquals(Assert.java:1578)
at org.testng.Assert.assertTrue(Assert.java:57)
at org.testng.Assert.assertTrue(Assert.java:67)
at StepDefination.ApiGlueCode.compareresult(ApiGlueCode.java:37)
at âœ½.Compare Expected and actual result.(file:///D:/Workspace_Sel/Selenium_Workspace/src/test/java/FeatureFile/ApiFeature.feature:27)
]]>
    </failure>
  </testcase> <!-- scenario -->
</testsuite> <!-- Runner_file.RunnerFile -->
